<?xml version="1.0" encoding="UTF-8"?>
<testsuite name="com.library.StudentSpec" tests="1" skipped="0" failures="0" errors="0" timestamp="2016-04-06T10:31:46" hostname="b2024136" time="0.274">
  <properties/>
  <testcase name="toString" classname="com.library.StudentSpec" time="0.274"/>
  <system-out><![CDATA[]]></system-out>
  <system-err><![CDATA[]]></system-err>
</testsuite>
