<?xml version="1.0" encoding="UTF-8"?>
<testsuite name="com.library.CourseSpec" tests="1" skipped="0" failures="0" errors="0" timestamp="2016-04-06T10:31:45" hostname="b2024136" time="0.264">
  <properties/>
  <testcase name="toString" classname="com.library.CourseSpec" time="0.264"/>
  <system-out><![CDATA[]]></system-out>
  <system-err><![CDATA[]]></system-err>
</testsuite>
