<?xml version="1.0" encoding="UTF-8"?>
<testsuite name="com.library.LibrarianSpec" tests="1" skipped="0" failures="0" errors="0" timestamp="2016-04-06T10:31:41" hostname="b2024136" time="4.239">
  <properties/>
  <testcase name="toString" classname="com.library.LibrarianSpec" time="4.239"/>
  <system-out><![CDATA[]]></system-out>
  <system-err><![CDATA[]]></system-err>
</testsuite>
